1637424264452	geckodriver	INFO	Listening on 127.0.0.1:53485
1637424267517	mozrunner::runner	INFO	Running command: "C:\\Program Files\\Mozilla Firefox\\firefox.exe" "--marionette" "--remote-debugging-port" "53486" "-no-remote" "-profile" "C:\\Users\\vinic\\AppData\\Local\\Temp\\rust_mozprofileBoB26B"
1637424267999	Marionette	INFO	Marionette enabled
console.warn: SearchSettings: "get: No settings file exists, new profile?" (new NotFoundError("Could not open the file at C:\\Users\\vinic\\AppData\\Local\\Temp\\rust_mozprofileBoB26B\\search.json.mozlz4", (void 0)))
DevTools listening on ws://localhost:53486/devtools/browser/a79f2552-4043-4cdd-af1b-f1191815cf97
1637424271316	Marionette	INFO	Listening on port 53492
1637424271818	RemoteAgent	WARN	TLS certificate errors will be ignored for this session
JavaScript error: resource://gre/modules/XULStore.jsm, line 66: Error: Can't find profile directory.
JavaScript error: resource://gre/modules/XULStore.jsm, line 66: Error: Can't find profile directory.
JavaScript warning: https://pagead2.googlesyndication.com/bg/W74_wbIuhH6bObXj0uCjode8PwiBrxgOKnAqo6ShAmY.js line 1 > eval line 3847 > eval line 1 > eval line 1 > eval, line 1: WEBGL_debug_renderer_info is deprecated in Firefox and will be removed. Please use RENDERER.
JavaScript error: , line 0: SyntaxError: JSON.parse: unexpected end of data at line 1 column 1 of the JSON data
JavaScript warning: https://pagead2.googlesyndication.com/bg/W74_wbIuhH6bObXj0uCjode8PwiBrxgOKnAqo6ShAmY.js line 1 > eval line 1871 > eval line 1 > eval line 1 > eval, line 1: WEBGL_debug_renderer_info is deprecated in Firefox and will be removed. Please use RENDERER.
JavaScript warning: https://pagead2.googlesyndication.com/bg/W74_wbIuhH6bObXj0uCjode8PwiBrxgOKnAqo6ShAmY.js line 1 > eval line 1618 > eval line 1 > eval line 1 > eval, line 1: WEBGL_debug_renderer_info is deprecated in Firefox and will be removed. Please use RENDERER.
JavaScript error: , line 0: SyntaxError: JSON.parse: unexpected end of data at line 1 column 1 of the JSON data
JavaScript error: , line 0: TypeError: NetworkError when attempting to fetch resource.
1637424683694	Marionette	INFO	Stopped listening on port 53492
[Parent 22388, IPC I/O Parent] WARNING: file /builds/worker/checkouts/gecko/ipc/chromium/src/base/process_util_win.cc:167
console.warn: TopSitesFeed: Failed to fetch data from Contile server: NetworkError when attempting to fetch resource.
[Parent 22388, IPC I/O Parent] WARNING: file /builds/worker/checkouts/gecko/ipc/chromium/src/base/process_util_win.cc:167
[Parent 22388, IPC I/O Parent] WARNING: file /builds/worker/checkouts/gecko/ipc/chromium/src/base/process_util_win.cc:167
1637530923820	geckodriver	INFO	Listening on 127.0.0.1:50290
1637530926962	mozrunner::runner	INFO	Running command: "C:\\Program Files\\Mozilla Firefox\\firefox.exe" "--marionette" "--remote-debugging-port" "50291" "-no-remote" "-profile" "C:\\Users\\vinic\\AppData\\Local\\Temp\\rust_mozprofile9JwWho"
1637530930844	Marionette	INFO	Marionette enabled
console.warn: SearchSettings: "get: No settings file exists, new profile?" (new NotFoundError("Could not open the file at C:\\Users\\vinic\\AppData\\Local\\Temp\\rust_mozprofile9JwWho\\search.json.mozlz4", (void 0)))
DevTools listening on ws://localhost:50291/devtools/browser/83f80bde-6abc-4cda-bbdf-99baa1b510b1
1637530942078	Marionette	INFO	Listening on port 50297
1637530942450	RemoteAgent	WARN	TLS certificate errors will be ignored for this session
JavaScript error: resource://gre/modules/XULStore.jsm, line 66: Error: Can't find profile directory.
JavaScript error: resource://gre/modules/XULStore.jsm, line 66: Error: Can't find profile directory.
JavaScript warning: https://pagead2.googlesyndication.com/bg/lK7Pd7B-H_9yBaI_NSshU4OXimYezFu1HmFuNXULOe8.js line 1 > eval line 4713 > eval line 1 > eval line 1 > eval, line 1: WEBGL_debug_renderer_info is deprecated in Firefox and will be removed. Please use RENDERER.
JavaScript error: , line 0: SyntaxError: JSON.parse: unexpected end of data at line 1 column 1 of the JSON data
1637530968284	Marionette	INFO	Stopped listening on port 50297
console.warn: TopSitesFeed: Failed to fetch data from Contile server: NetworkError when attempting to fetch resource.
JavaScript error: chrome://remote/content/marionette/cert.js, line 55: NS_ERROR_NOT_AVAILABLE: Component returned failure code: 0x80040111 (NS_ERROR_NOT_AVAILABLE) [nsICertOverrideService.setDisableAllSecurityChecksAndLetAttackersInterceptMyData]
[Parent 9644, IPC I/O Parent] WARNING: file /builds/worker/checkouts/gecko/ipc/chromium/src/base/process_util_win.cc:167

###!!! [Parent][RunMessage] Error: Channel closing: too late to send/recv, messages will be lost

1637531730433	geckodriver	INFO	Listening on 127.0.0.1:53693
1637531733536	mozrunner::runner	INFO	Running command: "C:\\Program Files\\Mozilla Firefox\\firefox.exe" "--marionette" "--remote-debugging-port" "53694" "-no-remote" "-profile" "C:\\Users\\vinic\\AppData\\Local\\Temp\\rust_mozprofileHcRhow"
1637531734824	Marionette	INFO	Marionette enabled
console.warn: SearchSettings: "get: No settings file exists, new profile?" (new NotFoundError("Could not open the file at C:\\Users\\vinic\\AppData\\Local\\Temp\\rust_mozprofileHcRhow\\search.json.mozlz4", (void 0)))
DevTools listening on ws://localhost:53694/devtools/browser/225e64b4-0fab-47c8-bc3e-280d062f354a
1637531738639	Marionette	INFO	Listening on port 53701
1637531738914	RemoteAgent	WARN	TLS certificate errors will be ignored for this session
JavaScript error: resource://gre/modules/XULStore.jsm, line 66: Error: Can't find profile directory.
JavaScript error: resource://gre/modules/XULStore.jsm, line 66: Error: Can't find profile directory.
JavaScript warning: https://pagead2.googlesyndication.com/bg/lK7Pd7B-H_9yBaI_NSshU4OXimYezFu1HmFuNXULOe8.js line 1 > eval line 2112 > eval line 1 > eval line 1 > eval, line 1: WEBGL_debug_renderer_info is deprecated in Firefox and will be removed. Please use RENDERER.
JavaScript error: , line 0: SyntaxError: JSON.parse: unexpected end of data at line 1 column 1 of the JSON data
console.log: WebExtensions: reset-default-search: starting.
console.log: WebExtensions: reset-default-search: No addons in our list are installed.
1637579234651	Marionette	INFO	Stopped listening on port 53701
[Parent 13452, IPC I/O Parent] WARNING: file /builds/worker/checkouts/gecko/ipc/chromium/src/base/process_util_win.cc:167
[Parent 13452, IPC I/O Parent] WARNING: file /builds/worker/checkouts/gecko/ipc/chromium/src/base/process_util_win.cc:167
console.warn: TopSitesFeed: Failed to fetch data from Contile server: NetworkError when attempting to fetch resource.
[Parent 13452, IPC I/O Parent] WARNING: file /builds/worker/checkouts/gecko/ipc/chromium/src/base/process_util_win.cc:167

###!!! [Parent][RunMessage] Error: Channel closing: too late to send/recv, messages will be lost

